Using pre-set license
Built from '2022.3/staging' branch; Version is '2022.3.11f1 (d00248457e15) revision 13632072'; Using compiler version '192829333'; Build Type 'Release'
OS: 'Windows 11  (10.0.22631) 64bit Enterprise' Language: 'en' Physical Memory: 32486 MB
BatchMode: 1, IsHumanControllingUs: 0, StartBugReporterOnCrash: 0, Is64bit: 1, IsPro: 1

COMMAND LINE ARGUMENTS:
C:\Program Files\Unity\Hub\Editor\2022.3.11f1\Editor\Unity.exe
-adb2
-batchMode
-noUpm
-name
AssetImportWorker0
-projectPath
C:/Users/BrentRoberts/First Project
-logFile
Logs/AssetImportWorker0.log
-srvPort
59247
Successfully changed project path to: C:/Users/BrentRoberts/First Project
C:/Users/BrentRoberts/First Project
[UnityMemory] Configuration Parameters - Can be set up in boot.config
    "memorysetup-bucket-allocator-granularity=16"
    "memorysetup-bucket-allocator-bucket-count=8"
    "memorysetup-bucket-allocator-block-size=33554432"
    "memorysetup-bucket-allocator-block-count=8"
    "memorysetup-main-allocator-block-size=16777216"
    "memorysetup-thread-allocator-block-size=16777216"
    "memorysetup-gfx-main-allocator-block-size=16777216"
    "memorysetup-gfx-thread-allocator-block-size=16777216"
    "memorysetup-cache-allocator-block-size=4194304"
    "memorysetup-typetree-allocator-block-size=2097152"
    "memorysetup-profiler-bucket-allocator-granularity=16"
    "memorysetup-profiler-bucket-allocator-bucket-count=8"
    "memorysetup-profiler-bucket-allocator-block-size=33554432"
    "memorysetup-profiler-bucket-allocator-block-count=8"
    "memorysetup-profiler-allocator-block-size=16777216"
    "memorysetup-profiler-editor-allocator-block-size=1048576"
    "memorysetup-temp-allocator-size-main=16777216"
    "memorysetup-job-temp-allocator-block-size=2097152"
    "memorysetup-job-temp-allocator-block-size-background=1048576"
    "memorysetup-job-temp-allocator-reduction-small-platforms=262144"
    "memorysetup-allocator-temp-initial-block-size-main=262144"
    "memorysetup-allocator-temp-initial-block-size-worker=262144"
    "memorysetup-temp-allocator-size-background-worker=32768"
    "memorysetup-temp-allocator-size-job-worker=262144"
    "memorysetup-temp-allocator-size-preload-manager=33554432"
    "memorysetup-temp-allocator-size-nav-mesh-worker=65536"
    "memorysetup-temp-allocator-size-audio-worker=65536"
    "memorysetup-temp-allocator-size-cloud-worker=32768"
    "memorysetup-temp-allocator-size-gi-baking-worker=262144"
    "memorysetup-temp-allocator-size-gfx=262144"
Player connection [62596] Host "[IP] 10.5.5.42 [Port] 0 [Flags] 2 [Guid] 3508658310 [EditorId] 3508658310 [Version] 1048832 [Id] WindowsEditor(7,SD-GK9G2Z3) [Debug] 1 [PackageName] WindowsEditor [ProjectName] Editor" joined multi-casting on [225.0.0.222:54997]...

Player connection [62596] Host "[IP] 10.5.5.42 [Port] 0 [Flags] 2 [Guid] 3508658310 [EditorId] 3508658310 [Version] 1048832 [Id] WindowsEditor(7,SD-GK9G2Z3) [Debug] 1 [PackageName] WindowsEditor [ProjectName] Editor" joined alternative multi-casting on [225.0.0.222:34997]...

[Physics::Module] Initialized MultithreadedJobDispatcher with 23 workers.
Refreshing native plugins compatible for Editor in 5.24 ms, found 3 plugins.
Preloading 0 native plugins for Editor in 0.00 ms.
Initialize engine version: 2022.3.11f1 (d00248457e15)
[Subsystems] Discovering subsystems at path C:/Program Files/Unity/Hub/Editor/2022.3.11f1/Editor/Data/Resources/UnitySubsystems
[Subsystems] Discovering subsystems at path C:/Users/BrentRoberts/First Project/Assets
GfxDevice: creating device client; threaded=0; jobified=0
Direct3D:
    Version:  Direct3D 11.0 [level 11.1]
    Renderer: NVIDIA GeForce RTX 4060 Ti (ID=0x2803)
    Vendor:   NVIDIA
    VRAM:     7949 MB
    Driver:   31.0.15.5241
Initialize mono
Mono path[0] = 'C:/Program Files/Unity/Hub/Editor/2022.3.11f1/Editor/Data/Managed'
Mono path[1] = 'C:/Program Files/Unity/Hub/Editor/2022.3.11f1/Editor/Data/MonoBleedingEdge/lib/mono/unityjit-win32'
Mono config path = 'C:/Program Files/Unity/Hub/Editor/2022.3.11f1/Editor/Data/MonoBleedingEdge/etc'
Using monoOptions --debugger-agent=transport=dt_socket,embedding=1,server=y,suspend=n,address=127.0.0.1:56220
Begin MonoManager ReloadAssembly
Registering precompiled unity dll's ...
Register platform support module: C:/Program Files/Unity/Hub/Editor/2022.3.11f1/Editor/Data/PlaybackEngines/WindowsStandaloneSupport/UnityEditor.WindowsStandalone.Extensions.dll
Registered in 0.004775 seconds.
- Loaded All Assemblies, in  0.230 seconds
Native extension for WindowsStandalone target not found
Mono: successfully reloaded assembly
- Finished resetting the current domain, in  0.148 seconds
Domain Reload Profiling: 376ms
	BeginReloadAssembly (85ms)
		ExecutionOrderSort (0ms)
		DisableScriptedObjects (0ms)
		BackupInstance (0ms)
		ReleaseScriptingObjects (0ms)
		CreateAndSetChildDomain (0ms)
	RebuildCommonClasses (20ms)
	RebuildNativeTypeToScriptingClass (6ms)
	initialDomainReloadingComplete (35ms)
	LoadAllAssembliesAndSetupDomain (83ms)
		LoadAssemblies (83ms)
		RebuildTransferFunctionScriptingTraits (0ms)
		AnalyzeDomain (82ms)
			TypeCache.Refresh (81ms)
				TypeCache.ScanAssembly (73ms)
			ScanForSourceGeneratedMonoScriptInfo (0ms)
			ResolveRequiredComponents (0ms)
	FinalizeReload (148ms)
		ReleaseScriptCaches (0ms)
		RebuildScriptCaches (0ms)
		SetupLoadedEditorAssemblies (114ms)
			LogAssemblyErrors (0ms)
			InitializePlatformSupportModulesInManaged (6ms)
			SetLoadedEditorAssemblies (4ms)
			RefreshPlugins (0ms)
			BeforeProcessingInitializeOnLoad (1ms)
			ProcessInitializeOnLoadAttributes (74ms)
			ProcessInitializeOnLoadMethodAttributes (27ms)
			AfterProcessingInitializeOnLoad (0ms)
			EditorAssembliesLoaded (0ms)
		ExecutionOrderSort2 (0ms)
		AwakeInstancesAfterBackupRestoration (0ms)
========================================================================
Worker process is ready to serve import requests
Begin MonoManager ReloadAssembly
- Loaded All Assemblies, in  0.391 seconds
Refreshing native plugins compatible for Editor in 2.05 ms, found 3 plugins.
Native extension for WindowsStandalone target not found
Package Manager log level set to [2]
[Package Manager] Server::EnsureServerProcessIsRunning -- launch failed, reason: Unity was launched with the -noUpm command-line argument
[Package Manager] UpmClient::Send -- Unable to send message (not connected to UPM process).
[Package Manager] Cannot connect to Unity Package Manager local server
Mono: successfully reloaded assembly
- Finished resetting the current domain, in  0.380 seconds
Domain Reload Profiling: 769ms
	BeginReloadAssembly (92ms)
		ExecutionOrderSort (0ms)
		DisableScriptedObjects (3ms)
		BackupInstance (0ms)
		ReleaseScriptingObjects (0ms)
		CreateAndSetChildDomain (13ms)
	RebuildCommonClasses (20ms)
	RebuildNativeTypeToScriptingClass (6ms)
	initialDomainReloadingComplete (27ms)
	LoadAllAssembliesAndSetupDomain (243ms)
		LoadAssemblies (194ms)
		RebuildTransferFunctionScriptingTraits (0ms)
		AnalyzeDomain (105ms)
			TypeCache.Refresh (93ms)
				TypeCache.ScanAssembly (84ms)
			ScanForSourceGeneratedMonoScriptInfo (9ms)
			ResolveRequiredComponents (2ms)
	FinalizeReload (380ms)
		ReleaseScriptCaches (0ms)
		RebuildScriptCaches (0ms)
		SetupLoadedEditorAssemblies (291ms)
			LogAssemblyErrors (0ms)
			InitializePlatformSupportModulesInManaged (4ms)
			SetLoadedEditorAssemblies (3ms)
			RefreshPlugins (0ms)
			BeforeProcessingInitializeOnLoad (37ms)
			ProcessInitializeOnLoadAttributes (230ms)
			ProcessInitializeOnLoadMethodAttributes (12ms)
			AfterProcessingInitializeOnLoad (5ms)
			EditorAssembliesLoaded (0ms)
		ExecutionOrderSort2 (0ms)
		AwakeInstancesAfterBackupRestoration (4ms)
Launched and connected shader compiler UnityShaderCompiler.exe after 0.04 seconds
Refreshing native plugins compatible for Editor in 2.16 ms, found 3 plugins.
Preloading 0 native plugins for Editor in 0.00 ms.
Unloading 3091 Unused Serialized files (Serialized files now loaded: 0)
Unloading 32 unused Assets / (57.3 KB). Loaded Objects now: 3552.
Memory consumption went from 121.6 MB to 121.5 MB.
Total: 1.850200 ms (FindLiveObjects: 0.124900 ms CreateObjectMapping: 0.042100 ms MarkObjects: 1.618300 ms  DeleteObjects: 0.064100 ms)

AssetImportParameters requested are different than current active one (requested -> active):
  custom:container-demuxer-ogg: 62fdf1f143b41e24485cea50d1cbac27 -> 
  custom:video-codec-MediaFoundation-h265: 746d11721c4dcdbdad8f713fa42b33f4 -> 
  custom:video-decoder-ogg-theora: a1e56fd34408186e4bbccfd4996cb3dc -> 
  custom:framework-win-MediaFoundation: 216162199b28c13a410421893ffa2e32 -> 
  custom:CustomObjectIndexerAttribute: 756ad292c208cfabdd7b50bc23989ffe -> 
  custom:container-demuxer-webm: 4f35f7cbe854078d1ac9338744f61a02 -> 
  custom:container-muxer-webm: aa71ff27fc2769a1b78a27578f13a17b -> 
  custom:video-decoder-webm-vp8: 9c59270c3fd7afecdb556c50c9e8de78 -> 
  custom:SearchIndexIgnoredProperties: e643bd26f0fe6173181afceb89e7c659 -> 
  custom:AudioImporter_EditorPlatform: d09bf68614088b80899f8185d706f6e7 -> 
  custom:video-encoder-webm-vp8: eb34c28f22e8b96e1ab97ce403110664 -> 
  custom:audio-decoder-ogg-vorbis: bf7c407c2cedff20999df2af8eb42d56 -> 
  custom:audio-encoder-webm-vorbis: bf7c407c2cedff20999df2af8eb42d56 -> 
========================================================================
Received Import Request.
  Time since last request: 348371.322414 seconds.
  path: Assets/Mailbox.prefab
  artifactKey: Guid(0f3047acac0f935418bf57b932ffc9bb) Importer(815301076,1909f56bfc062723c751e8b465ee728b)
Start importing Assets/Mailbox.prefab using Guid(0f3047acac0f935418bf57b932ffc9bb) Importer(815301076,1909f56bfc062723c751e8b465ee728b)  -> (artifact id: '336d4dc6d47b41ac2a2ba41fb547b356') in 0.082181 seconds
Number of updated asset objects reloaded before import = 0
Number of asset objects unloaded after import = 25
========================================================================
Received Import Request.
  Time since last request: 148.031623 seconds.
  path: Assets/House.prefab
  artifactKey: Guid(7632af3c8ae562e449d48f245400f78d) Importer(815301076,1909f56bfc062723c751e8b465ee728b)
Start importing Assets/House.prefab using Guid(7632af3c8ae562e449d48f245400f78d) Importer(815301076,1909f56bfc062723c751e8b465ee728b)  -> (artifact id: 'a53cc49a65ef8759d30633861c2fd6c5') in 0.049816 seconds
Number of updated asset objects reloaded before import = 0
Number of asset objects unloaded after import = 56
========================================================================
Received Import Request.
  Time since last request: 52.410233 seconds.
  path: Assets/Gold.mat
  artifactKey: Guid(c952afdf7a00cc04581f0a58041ee810) Importer(815301076,1909f56bfc062723c751e8b465ee728b)
Start importing Assets/Gold.mat using Guid(c952afdf7a00cc04581f0a58041ee810) Importer(815301076,1909f56bfc062723c751e8b465ee728b)  -> (artifact id: '6706cee964bd070b9dc4f25208129325') in 0.243658 seconds
Number of updated asset objects reloaded before import = 0
Number of asset objects unloaded after import = 1
========================================================================
Received Import Request.
  Time since last request: 18.320464 seconds.
  path: Assets/House.prefab
  artifactKey: Guid(7632af3c8ae562e449d48f245400f78d) Importer(815301076,1909f56bfc062723c751e8b465ee728b)
Start importing Assets/House.prefab using Guid(7632af3c8ae562e449d48f245400f78d) Importer(815301076,1909f56bfc062723c751e8b465ee728b)  -> (artifact id: 'f040fe76bef1f4213eaa2a13e392646a') in 0.007067 seconds
Number of updated asset objects reloaded before import = 0
Number of asset objects unloaded after import = 57
========================================================================
Received Import Request.
  Time since last request: 20.317488 seconds.
  path: Assets/Wall 2.mat
  artifactKey: Guid(6fdc7ec5169124d4badad80918926d44) Importer(815301076,1909f56bfc062723c751e8b465ee728b)
Start importing Assets/Wall 2.mat using Guid(6fdc7ec5169124d4badad80918926d44) Importer(815301076,1909f56bfc062723c751e8b465ee728b)  -> (artifact id: '6391728182fe590bac6e0d4ddb241040') in 0.003839 seconds
Number of updated asset objects reloaded before import = 0
Number of asset objects unloaded after import = 1
========================================================================
Received Import Request.
  Time since last request: 19.228914 seconds.
  path: Assets/Wall 3.mat
  artifactKey: Guid(d8957bd8ce8ad5a4d9fd5daad9a2b25c) Importer(815301076,1909f56bfc062723c751e8b465ee728b)
Start importing Assets/Wall 3.mat using Guid(d8957bd8ce8ad5a4d9fd5daad9a2b25c) Importer(815301076,1909f56bfc062723c751e8b465ee728b)  -> (artifact id: '40c203010d5851387b6ab2a4ecbf1754') in 0.059627 seconds
Number of updated asset objects reloaded before import = 0
Number of asset objects unloaded after import = 1
========================================================================
Received Import Request.
  Time since last request: 29.790315 seconds.
  path: Assets/Wall 4.mat
  artifactKey: Guid(568ffa9d23f41994e942c3eff846f6ca) Importer(815301076,1909f56bfc062723c751e8b465ee728b)
Start importing Assets/Wall 4.mat using Guid(568ffa9d23f41994e942c3eff846f6ca) Importer(815301076,1909f56bfc062723c751e8b465ee728b)  -> (artifact id: 'be3152f31a0543c038bb0d8eaa22bb6e') in 0.004131 seconds
Number of updated asset objects reloaded before import = 0
Number of asset objects unloaded after import = 1
========================================================================
Received Import Request.
  Time since last request: 29.360985 seconds.
  path: Assets/Roof.mat
  artifactKey: Guid(db0030e3beb450943a201629a884216a) Importer(815301076,1909f56bfc062723c751e8b465ee728b)
Start importing Assets/Roof.mat using Guid(db0030e3beb450943a201629a884216a) Importer(815301076,1909f56bfc062723c751e8b465ee728b)  -> (artifact id: 'bb55c2d032940b1e8ceea6439e62444d') in 0.152115 seconds
Number of updated asset objects reloaded before import = 0
Number of asset objects unloaded after import = 1
========================================================================
Received Import Request.
  Time since last request: 110.582775 seconds.
  path: Assets/House.prefab
  artifactKey: Guid(7632af3c8ae562e449d48f245400f78d) Importer(815301076,1909f56bfc062723c751e8b465ee728b)
Start importing Assets/House.prefab using Guid(7632af3c8ae562e449d48f245400f78d) Importer(815301076,1909f56bfc062723c751e8b465ee728b)  -> (artifact id: 'aa8ebd7d6229baa5e0754bb3c3db72e9') in 0.257240 seconds
Number of updated asset objects reloaded before import = 0
Number of asset objects unloaded after import = 57
========================================================================
Received Import Request.
  Time since last request: 87.128126 seconds.
  path: Assets/House.prefab
  artifactKey: Guid(7632af3c8ae562e449d48f245400f78d) Importer(815301076,1909f56bfc062723c751e8b465ee728b)
Start importing Assets/House.prefab using Guid(7632af3c8ae562e449d48f245400f78d) Importer(815301076,1909f56bfc062723c751e8b465ee728b)  -> (artifact id: '71089313efdd579a1142bab46c7f5489') in 0.007322 seconds
Number of updated asset objects reloaded before import = 0
Number of asset objects unloaded after import = 62
========================================================================
Received Import Request.
  Time since last request: 0.978866 seconds.
  path: Assets/House.prefab
  artifactKey: Guid(7632af3c8ae562e449d48f245400f78d) Importer(815301076,1909f56bfc062723c751e8b465ee728b)
Start importing Assets/House.prefab using Guid(7632af3c8ae562e449d48f245400f78d) Importer(815301076,1909f56bfc062723c751e8b465ee728b)  -> (artifact id: '9994a23c0cb4035513dd783d141080db') in 0.005827 seconds
Number of updated asset objects reloaded before import = 0
Number of asset objects unloaded after import = 62
========================================================================
Received Import Request.
  Time since last request: 44.364893 seconds.
  path: Assets/House.prefab
  artifactKey: Guid(7632af3c8ae562e449d48f245400f78d) Importer(815301076,1909f56bfc062723c751e8b465ee728b)
Start importing Assets/House.prefab using Guid(7632af3c8ae562e449d48f245400f78d) Importer(815301076,1909f56bfc062723c751e8b465ee728b)  -> (artifact id: 'a0c5f079a09f47b66969ad2a1c974996') in 0.006755 seconds
Number of updated asset objects reloaded before import = 0
Number of asset objects unloaded after import = 62
========================================================================
Received Import Request.
  Time since last request: 3.001030 seconds.
  path: Assets/House.prefab
  artifactKey: Guid(7632af3c8ae562e449d48f245400f78d) Importer(815301076,1909f56bfc062723c751e8b465ee728b)
Start importing Assets/House.prefab using Guid(7632af3c8ae562e449d48f245400f78d) Importer(815301076,1909f56bfc062723c751e8b465ee728b)  -> (artifact id: '040bdb38498befcd77ac7d05560d1957') in 0.005748 seconds
Number of updated asset objects reloaded before import = 0
Number of asset objects unloaded after import = 62
========================================================================
Received Import Request.
  Time since last request: 7.451844 seconds.
  path: Assets/House.prefab
  artifactKey: Guid(7632af3c8ae562e449d48f245400f78d) Importer(815301076,1909f56bfc062723c751e8b465ee728b)
Start importing Assets/House.prefab using Guid(7632af3c8ae562e449d48f245400f78d) Importer(815301076,1909f56bfc062723c751e8b465ee728b)  -> (artifact id: '13fe12ebc9994640fb90973afab657cd') in 0.044995 seconds
Number of updated asset objects reloaded before import = 0
Number of asset objects unloaded after import = 62
========================================================================
Received Import Request.
  Time since last request: 3.372442 seconds.
  path: Assets/House.prefab
  artifactKey: Guid(7632af3c8ae562e449d48f245400f78d) Importer(815301076,1909f56bfc062723c751e8b465ee728b)
Start importing Assets/House.prefab using Guid(7632af3c8ae562e449d48f245400f78d) Importer(815301076,1909f56bfc062723c751e8b465ee728b)  -> (artifact id: '77b5dc18b79e55eb1ca93cf160cea44e') in 0.006187 seconds
Number of updated asset objects reloaded before import = 0
Number of asset objects unloaded after import = 62
========================================================================
Received Import Request.
  Time since last request: 1.204973 seconds.
  path: Assets/House.prefab
  artifactKey: Guid(7632af3c8ae562e449d48f245400f78d) Importer(815301076,1909f56bfc062723c751e8b465ee728b)
Start importing Assets/House.prefab using Guid(7632af3c8ae562e449d48f245400f78d) Importer(815301076,1909f56bfc062723c751e8b465ee728b)  -> (artifact id: 'feeab9e5b44daa1c53f327eb5716304c') in 0.034500 seconds
Number of updated asset objects reloaded before import = 0
Number of asset objects unloaded after import = 62
========================================================================
Received Import Request.
  Time since last request: 12.309474 seconds.
  path: Assets/House.prefab
  artifactKey: Guid(7632af3c8ae562e449d48f245400f78d) Importer(815301076,1909f56bfc062723c751e8b465ee728b)
Start importing Assets/House.prefab using Guid(7632af3c8ae562e449d48f245400f78d) Importer(815301076,1909f56bfc062723c751e8b465ee728b)  -> (artifact id: '9af46d4c259d9ab4c9ad570dae56acd5') in 0.005681 seconds
Number of updated asset objects reloaded before import = 0
Number of asset objects unloaded after import = 62
========================================================================
Received Import Request.
  Time since last request: 19.624329 seconds.
  path: Assets/House.prefab
  artifactKey: Guid(7632af3c8ae562e449d48f245400f78d) Importer(815301076,1909f56bfc062723c751e8b465ee728b)
Start importing Assets/House.prefab using Guid(7632af3c8ae562e449d48f245400f78d) Importer(815301076,1909f56bfc062723c751e8b465ee728b)  -> (artifact id: 'c8985a80acbb42943aa0d7f053503717') in 0.053891 seconds
Number of updated asset objects reloaded before import = 0
Number of asset objects unloaded after import = 62
========================================================================
Received Import Request.
  Time since last request: 3.645166 seconds.
  path: Assets/House.prefab
  artifactKey: Guid(7632af3c8ae562e449d48f245400f78d) Importer(815301076,1909f56bfc062723c751e8b465ee728b)
Start importing Assets/House.prefab using Guid(7632af3c8ae562e449d48f245400f78d) Importer(815301076,1909f56bfc062723c751e8b465ee728b)  -> (artifact id: 'ad133ec4f721414d5f8cf16709dcd64c') in 0.006442 seconds
Number of updated asset objects reloaded before import = 0
Number of asset objects unloaded after import = 63
========================================================================
Received Import Request.
  Time since last request: 6.229843 seconds.
  path: Assets/House.prefab
  artifactKey: Guid(7632af3c8ae562e449d48f245400f78d) Importer(815301076,1909f56bfc062723c751e8b465ee728b)
Start importing Assets/House.prefab using Guid(7632af3c8ae562e449d48f245400f78d) Importer(815301076,1909f56bfc062723c751e8b465ee728b)  -> (artifact id: '47002db1bec298e31615ab898a5d2d01') in 0.046397 seconds
Number of updated asset objects reloaded before import = 0
Number of asset objects unloaded after import = 63
========================================================================
Received Import Request.
  Time since last request: 5.029759 seconds.
  path: Assets/House.prefab
  artifactKey: Guid(7632af3c8ae562e449d48f245400f78d) Importer(815301076,1909f56bfc062723c751e8b465ee728b)
Start importing Assets/House.prefab using Guid(7632af3c8ae562e449d48f245400f78d) Importer(815301076,1909f56bfc062723c751e8b465ee728b)  -> (artifact id: '720c8b9fd90e1586ee8eadc1d804f1c1') in 0.007033 seconds
Number of updated asset objects reloaded before import = 0
Number of asset objects unloaded after import = 62
========================================================================
Received Import Request.
  Time since last request: 3.248994 seconds.
  path: Assets/House.prefab
  artifactKey: Guid(7632af3c8ae562e449d48f245400f78d) Importer(815301076,1909f56bfc062723c751e8b465ee728b)
Start importing Assets/House.prefab using Guid(7632af3c8ae562e449d48f245400f78d) Importer(815301076,1909f56bfc062723c751e8b465ee728b)  -> (artifact id: '017566d28e024659bfe0113a2c5edb33') in 0.026005 seconds
Number of updated asset objects reloaded before import = 0
Number of asset objects unloaded after import = 63
========================================================================
Received Import Request.
  Time since last request: 12.609337 seconds.
  path: Assets/House.prefab
  artifactKey: Guid(7632af3c8ae562e449d48f245400f78d) Importer(815301076,1909f56bfc062723c751e8b465ee728b)
Start importing Assets/House.prefab using Guid(7632af3c8ae562e449d48f245400f78d) Importer(815301076,1909f56bfc062723c751e8b465ee728b)  -> (artifact id: '5697c1e608656581685fbf8ad2a290eb') in 0.006085 seconds
Number of updated asset objects reloaded before import = 0
Number of asset objects unloaded after import = 68
========================================================================
Received Import Request.
  Time since last request: 6.642370 seconds.
  path: Assets/House.prefab
  artifactKey: Guid(7632af3c8ae562e449d48f245400f78d) Importer(815301076,1909f56bfc062723c751e8b465ee728b)
Start importing Assets/House.prefab using Guid(7632af3c8ae562e449d48f245400f78d) Importer(815301076,1909f56bfc062723c751e8b465ee728b)  -> (artifact id: '0cb01ce6b87f5f557dcfdf646dd4d89c') in 0.021143 seconds
Number of updated asset objects reloaded before import = 0
Number of asset objects unloaded after import = 68
========================================================================
Received Import Request.
  Time since last request: 2.176889 seconds.
  path: Assets/House.prefab
  artifactKey: Guid(7632af3c8ae562e449d48f245400f78d) Importer(815301076,1909f56bfc062723c751e8b465ee728b)
Start importing Assets/House.prefab using Guid(7632af3c8ae562e449d48f245400f78d) Importer(815301076,1909f56bfc062723c751e8b465ee728b)  -> (artifact id: '4755eb8d1af642c164212ae365421577') in 0.006044 seconds
Number of updated asset objects reloaded before import = 0
Number of asset objects unloaded after import = 68
========================================================================
Received Import Request.
  Time since last request: 5.630794 seconds.
  path: Assets/House.prefab
  artifactKey: Guid(7632af3c8ae562e449d48f245400f78d) Importer(815301076,1909f56bfc062723c751e8b465ee728b)
Start importing Assets/House.prefab using Guid(7632af3c8ae562e449d48f245400f78d) Importer(815301076,1909f56bfc062723c751e8b465ee728b)  -> (artifact id: '4d13ff22850efec50ee6b601d2ca0d1f') in 0.006184 seconds
Number of updated asset objects reloaded before import = 0
Number of asset objects unloaded after import = 78
========================================================================
Received Import Request.
  Time since last request: 4.416597 seconds.
  path: Assets/House.prefab
  artifactKey: Guid(7632af3c8ae562e449d48f245400f78d) Importer(815301076,1909f56bfc062723c751e8b465ee728b)
Start importing Assets/House.prefab using Guid(7632af3c8ae562e449d48f245400f78d) Importer(815301076,1909f56bfc062723c751e8b465ee728b)  -> (artifact id: 'fb5e72394b526b8917c57a600c090646') in 0.005380 seconds
Number of updated asset objects reloaded before import = 0
Number of asset objects unloaded after import = 78
========================================================================
Received Import Request.
  Time since last request: 3.226386 seconds.
  path: Assets/House.prefab
  artifactKey: Guid(7632af3c8ae562e449d48f245400f78d) Importer(815301076,1909f56bfc062723c751e8b465ee728b)
Start importing Assets/House.prefab using Guid(7632af3c8ae562e449d48f245400f78d) Importer(815301076,1909f56bfc062723c751e8b465ee728b)  -> (artifact id: '1c8769fdccb1c86b8783d5e915ab33fa') in 0.006538 seconds
Number of updated asset objects reloaded before import = 0
Number of asset objects unloaded after import = 78
========================================================================
Received Import Request.
  Time since last request: 1.389105 seconds.
  path: Assets/House.prefab
  artifactKey: Guid(7632af3c8ae562e449d48f245400f78d) Importer(815301076,1909f56bfc062723c751e8b465ee728b)
Start importing Assets/House.prefab using Guid(7632af3c8ae562e449d48f245400f78d) Importer(815301076,1909f56bfc062723c751e8b465ee728b)  -> (artifact id: 'f6ee48aeddffe97f46533b3e77eb545a') in 0.006304 seconds
Number of updated asset objects reloaded before import = 0
Number of asset objects unloaded after import = 88
========================================================================
Received Import Request.
  Time since last request: 3.206093 seconds.
  path: Assets/House.prefab
  artifactKey: Guid(7632af3c8ae562e449d48f245400f78d) Importer(815301076,1909f56bfc062723c751e8b465ee728b)
Start importing Assets/House.prefab using Guid(7632af3c8ae562e449d48f245400f78d) Importer(815301076,1909f56bfc062723c751e8b465ee728b)  -> (artifact id: '8b3fade4dca76c7cc8e8d2450db853cf') in 0.005464 seconds
Number of updated asset objects reloaded before import = 0
Number of asset objects unloaded after import = 88
========================================================================
Received Import Request.
  Time since last request: 3.022518 seconds.
  path: Assets/House.prefab
  artifactKey: Guid(7632af3c8ae562e449d48f245400f78d) Importer(815301076,1909f56bfc062723c751e8b465ee728b)
Start importing Assets/House.prefab using Guid(7632af3c8ae562e449d48f245400f78d) Importer(815301076,1909f56bfc062723c751e8b465ee728b)  -> (artifact id: '4c0aa7707f53c929d95835b1762c2626') in 0.016618 seconds
Number of updated asset objects reloaded before import = 0
Number of asset objects unloaded after import = 88
========================================================================
Received Import Request.
  Time since last request: 3.824582 seconds.
  path: Assets/House.prefab
  artifactKey: Guid(7632af3c8ae562e449d48f245400f78d) Importer(815301076,1909f56bfc062723c751e8b465ee728b)
Start importing Assets/House.prefab using Guid(7632af3c8ae562e449d48f245400f78d) Importer(815301076,1909f56bfc062723c751e8b465ee728b)  -> (artifact id: '2fd0592ad5b6251bd6b30ba6ef2d2e22') in 0.030613 seconds
Number of updated asset objects reloaded before import = 0
Number of asset objects unloaded after import = 88
========================================================================
Received Import Request.
  Time since last request: 6.401814 seconds.
  path: Assets/House.prefab
  artifactKey: Guid(7632af3c8ae562e449d48f245400f78d) Importer(815301076,1909f56bfc062723c751e8b465ee728b)
Start importing Assets/House.prefab using Guid(7632af3c8ae562e449d48f245400f78d) Importer(815301076,1909f56bfc062723c751e8b465ee728b)  -> (artifact id: 'fb7106d44814373749be088e5347c6e8') in 0.005779 seconds
Number of updated asset objects reloaded before import = 0
Number of asset objects unloaded after import = 98
========================================================================
Received Import Request.
  Time since last request: 6.217816 seconds.
  path: Assets/House.prefab
  artifactKey: Guid(7632af3c8ae562e449d48f245400f78d) Importer(815301076,1909f56bfc062723c751e8b465ee728b)
Start importing Assets/House.prefab using Guid(7632af3c8ae562e449d48f245400f78d) Importer(815301076,1909f56bfc062723c751e8b465ee728b)  -> (artifact id: 'fbd22238209981d3962f4463a33d6042') in 0.005630 seconds
Number of updated asset objects reloaded before import = 0
Number of asset objects unloaded after import = 98
========================================================================
Received Import Request.
  Time since last request: 2.416779 seconds.
  path: Assets/House.prefab
  artifactKey: Guid(7632af3c8ae562e449d48f245400f78d) Importer(815301076,1909f56bfc062723c751e8b465ee728b)
Start importing Assets/House.prefab using Guid(7632af3c8ae562e449d48f245400f78d) Importer(815301076,1909f56bfc062723c751e8b465ee728b)  -> (artifact id: '40e17c6c64d4c62a025aaf0637eab61f') in 0.022911 seconds
Number of updated asset objects reloaded before import = 0
Number of asset objects unloaded after import = 98
========================================================================
Received Import Request.
  Time since last request: 3.398857 seconds.
  path: Assets/House.prefab
  artifactKey: Guid(7632af3c8ae562e449d48f245400f78d) Importer(815301076,1909f56bfc062723c751e8b465ee728b)
Start importing Assets/House.prefab using Guid(7632af3c8ae562e449d48f245400f78d) Importer(815301076,1909f56bfc062723c751e8b465ee728b)  -> (artifact id: '4f52d9b64b059cb0305c3ea643fedee9') in 0.006350 seconds
Number of updated asset objects reloaded before import = 0
Number of asset objects unloaded after import = 98
========================================================================
Received Import Request.
  Time since last request: 4.635389 seconds.
  path: Assets/House.prefab
  artifactKey: Guid(7632af3c8ae562e449d48f245400f78d) Importer(815301076,1909f56bfc062723c751e8b465ee728b)
Start importing Assets/House.prefab using Guid(7632af3c8ae562e449d48f245400f78d) Importer(815301076,1909f56bfc062723c751e8b465ee728b)  -> (artifact id: '9f1bf2c13b5b7e446f1feaf279854c66') in 0.036409 seconds
Number of updated asset objects reloaded before import = 0
Number of asset objects unloaded after import = 98
========================================================================
Received Import Request.
  Time since last request: 5.985209 seconds.
  path: Assets/House.prefab
  artifactKey: Guid(7632af3c8ae562e449d48f245400f78d) Importer(815301076,1909f56bfc062723c751e8b465ee728b)
Start importing Assets/House.prefab using Guid(7632af3c8ae562e449d48f245400f78d) Importer(815301076,1909f56bfc062723c751e8b465ee728b)  -> (artifact id: 'e4895707854e8f9c3b96cbb5425d0a1c') in 0.006488 seconds
Number of updated asset objects reloaded before import = 0
Number of asset objects unloaded after import = 98
========================================================================
Received Import Request.
  Time since last request: 5.836517 seconds.
  path: Assets/House.prefab
  artifactKey: Guid(7632af3c8ae562e449d48f245400f78d) Importer(815301076,1909f56bfc062723c751e8b465ee728b)
Start importing Assets/House.prefab using Guid(7632af3c8ae562e449d48f245400f78d) Importer(815301076,1909f56bfc062723c751e8b465ee728b)  -> (artifact id: '466669897d651f4f9d4e809e217f77fa') in 0.006474 seconds
Number of updated asset objects reloaded before import = 0
Number of asset objects unloaded after import = 98
========================================================================
Received Import Request.
  Time since last request: 1.802650 seconds.
  path: Assets/House.prefab
  artifactKey: Guid(7632af3c8ae562e449d48f245400f78d) Importer(815301076,1909f56bfc062723c751e8b465ee728b)
Start importing Assets/House.prefab using Guid(7632af3c8ae562e449d48f245400f78d) Importer(815301076,1909f56bfc062723c751e8b465ee728b)  -> (artifact id: '7cb76692f2e2e3d639321cae15cd57e6') in 0.006502 seconds
Number of updated asset objects reloaded before import = 0
Number of asset objects unloaded after import = 98
========================================================================
Received Import Request.
  Time since last request: 2.199222 seconds.
  path: Assets/House.prefab
  artifactKey: Guid(7632af3c8ae562e449d48f245400f78d) Importer(815301076,1909f56bfc062723c751e8b465ee728b)
Start importing Assets/House.prefab using Guid(7632af3c8ae562e449d48f245400f78d) Importer(815301076,1909f56bfc062723c751e8b465ee728b)  -> (artifact id: 'd6e49ab2d3e308f2c62f9aabcc20986f') in 0.028636 seconds
Number of updated asset objects reloaded before import = 0
Number of asset objects unloaded after import = 98
========================================================================
Received Import Request.
  Time since last request: 1.578697 seconds.
  path: Assets/House.prefab
  artifactKey: Guid(7632af3c8ae562e449d48f245400f78d) Importer(815301076,1909f56bfc062723c751e8b465ee728b)
Start importing Assets/House.prefab using Guid(7632af3c8ae562e449d48f245400f78d) Importer(815301076,1909f56bfc062723c751e8b465ee728b)  -> (artifact id: 'a433493c129b7afa1b8e49c8cfd51c40') in 0.006156 seconds
Number of updated asset objects reloaded before import = 0
Number of asset objects unloaded after import = 98
========================================================================
Received Import Request.
  Time since last request: 3.834137 seconds.
  path: Assets/House.prefab
  artifactKey: Guid(7632af3c8ae562e449d48f245400f78d) Importer(815301076,1909f56bfc062723c751e8b465ee728b)
Start importing Assets/House.prefab using Guid(7632af3c8ae562e449d48f245400f78d) Importer(815301076,1909f56bfc062723c751e8b465ee728b)  -> (artifact id: '2f40712e29f5eab5327201555b747f7f') in 0.030197 seconds
Number of updated asset objects reloaded before import = 0
Number of asset objects unloaded after import = 98
========================================================================
Received Import Request.
  Time since last request: 0.969228 seconds.
  path: Assets/House.prefab
  artifactKey: Guid(7632af3c8ae562e449d48f245400f78d) Importer(815301076,1909f56bfc062723c751e8b465ee728b)
Start importing Assets/House.prefab using Guid(7632af3c8ae562e449d48f245400f78d) Importer(815301076,1909f56bfc062723c751e8b465ee728b)  -> (artifact id: '8099c69567f6ed93cf1bbf0f1b0dc5ba') in 0.021194 seconds
Number of updated asset objects reloaded before import = 0
Number of asset objects unloaded after import = 98
========================================================================
Received Import Request.
  Time since last request: 6.220644 seconds.
  path: Assets/House.prefab
  artifactKey: Guid(7632af3c8ae562e449d48f245400f78d) Importer(815301076,1909f56bfc062723c751e8b465ee728b)
Start importing Assets/House.prefab using Guid(7632af3c8ae562e449d48f245400f78d) Importer(815301076,1909f56bfc062723c751e8b465ee728b)  -> (artifact id: 'daf696598df0a341630ec23f67f90430') in 0.031255 seconds
Number of updated asset objects reloaded before import = 0
Number of asset objects unloaded after import = 98
========================================================================
Received Import Request.
  Time since last request: 14.045354 seconds.
  path: Assets/House.prefab
  artifactKey: Guid(7632af3c8ae562e449d48f245400f78d) Importer(815301076,1909f56bfc062723c751e8b465ee728b)
Start importing Assets/House.prefab using Guid(7632af3c8ae562e449d48f245400f78d) Importer(815301076,1909f56bfc062723c751e8b465ee728b)  -> (artifact id: 'ebf6f90376e642903dad96c6ce62baef') in 0.053886 seconds
Number of updated asset objects reloaded before import = 0
Number of asset objects unloaded after import = 98
========================================================================
Received Import Request.
  Time since last request: 2.549196 seconds.
  path: Assets/House.prefab
  artifactKey: Guid(7632af3c8ae562e449d48f245400f78d) Importer(815301076,1909f56bfc062723c751e8b465ee728b)
Start importing Assets/House.prefab using Guid(7632af3c8ae562e449d48f245400f78d) Importer(815301076,1909f56bfc062723c751e8b465ee728b)  -> (artifact id: '0d1dbabac453040890415c1cb1b3412a') in 0.034960 seconds
Number of updated asset objects reloaded before import = 0
Number of asset objects unloaded after import = 98
========================================================================
Received Import Request.
  Time since last request: 5.202589 seconds.
  path: Assets/House.prefab
  artifactKey: Guid(7632af3c8ae562e449d48f245400f78d) Importer(815301076,1909f56bfc062723c751e8b465ee728b)
Start importing Assets/House.prefab using Guid(7632af3c8ae562e449d48f245400f78d) Importer(815301076,1909f56bfc062723c751e8b465ee728b)  -> (artifact id: 'f334e5bad9f50f5179768681e2d99b9d') in 0.023338 seconds
Number of updated asset objects reloaded before import = 0
Number of asset objects unloaded after import = 98
========================================================================
Received Import Request.
  Time since last request: 3.201681 seconds.
  path: Assets/House.prefab
  artifactKey: Guid(7632af3c8ae562e449d48f245400f78d) Importer(815301076,1909f56bfc062723c751e8b465ee728b)
Start importing Assets/House.prefab using Guid(7632af3c8ae562e449d48f245400f78d) Importer(815301076,1909f56bfc062723c751e8b465ee728b)  -> (artifact id: 'e821c76fbdc0e9423ee1bf279c06f437') in 0.006094 seconds
Number of updated asset objects reloaded before import = 0
Number of asset objects unloaded after import = 98
========================================================================
Received Import Request.
  Time since last request: 3.801344 seconds.
  path: Assets/House.prefab
  artifactKey: Guid(7632af3c8ae562e449d48f245400f78d) Importer(815301076,1909f56bfc062723c751e8b465ee728b)
Start importing Assets/House.prefab using Guid(7632af3c8ae562e449d48f245400f78d) Importer(815301076,1909f56bfc062723c751e8b465ee728b)  -> (artifact id: '76b550ae8e35a1a4441d24b2367cd402') in 0.006141 seconds
Number of updated asset objects reloaded before import = 0
Number of asset objects unloaded after import = 98
========================================================================
Received Import Request.
  Time since last request: 5.423205 seconds.
  path: Assets/House.prefab
  artifactKey: Guid(7632af3c8ae562e449d48f245400f78d) Importer(815301076,1909f56bfc062723c751e8b465ee728b)
Start importing Assets/House.prefab using Guid(7632af3c8ae562e449d48f245400f78d) Importer(815301076,1909f56bfc062723c751e8b465ee728b)  -> (artifact id: '1cd937ab41c41cb2911fe707130ac2f6') in 0.006620 seconds
Number of updated asset objects reloaded before import = 0
Number of asset objects unloaded after import = 98
========================================================================
Received Import Request.
  Time since last request: 3.221748 seconds.
  path: Assets/House.prefab
  artifactKey: Guid(7632af3c8ae562e449d48f245400f78d) Importer(815301076,1909f56bfc062723c751e8b465ee728b)
Start importing Assets/House.prefab using Guid(7632af3c8ae562e449d48f245400f78d) Importer(815301076,1909f56bfc062723c751e8b465ee728b)  -> (artifact id: '0b0ca504b9a8bd74dc14d21c79d81c1e') in 0.005971 seconds
Number of updated asset objects reloaded before import = 0
Number of asset objects unloaded after import = 98
========================================================================
Received Import Request.
  Time since last request: 2.632724 seconds.
  path: Assets/House.prefab
  artifactKey: Guid(7632af3c8ae562e449d48f245400f78d) Importer(815301076,1909f56bfc062723c751e8b465ee728b)
Start importing Assets/House.prefab using Guid(7632af3c8ae562e449d48f245400f78d) Importer(815301076,1909f56bfc062723c751e8b465ee728b)  -> (artifact id: '5dbd2be2e6227a4467d83b6e23b8dc72') in 0.029054 seconds
Number of updated asset objects reloaded before import = 0
Number of asset objects unloaded after import = 98
========================================================================
Received Import Request.
  Time since last request: 24.191764 seconds.
  path: Assets/House.prefab
  artifactKey: Guid(7632af3c8ae562e449d48f245400f78d) Importer(815301076,1909f56bfc062723c751e8b465ee728b)
Start importing Assets/House.prefab using Guid(7632af3c8ae562e449d48f245400f78d) Importer(815301076,1909f56bfc062723c751e8b465ee728b)  -> (artifact id: 'a8bd0a0603fe7f8101b197f4d061041e') in 0.005998 seconds
Number of updated asset objects reloaded before import = 0
Number of asset objects unloaded after import = 98
========================================================================
Received Import Request.
  Time since last request: 7.349045 seconds.
  path: Assets/House.prefab
  artifactKey: Guid(7632af3c8ae562e449d48f245400f78d) Importer(815301076,1909f56bfc062723c751e8b465ee728b)
Start importing Assets/House.prefab using Guid(7632af3c8ae562e449d48f245400f78d) Importer(815301076,1909f56bfc062723c751e8b465ee728b)  -> (artifact id: '7f98f0b8e3c598c6c4a7fc1aed74161b') in 0.017758 seconds
Number of updated asset objects reloaded before import = 0
Number of asset objects unloaded after import = 98
========================================================================
Received Import Request.
  Time since last request: 6.388202 seconds.
  path: Assets/House.prefab
  artifactKey: Guid(7632af3c8ae562e449d48f245400f78d) Importer(815301076,1909f56bfc062723c751e8b465ee728b)
Start importing Assets/House.prefab using Guid(7632af3c8ae562e449d48f245400f78d) Importer(815301076,1909f56bfc062723c751e8b465ee728b)  -> (artifact id: '535cd48e9669035f4cbcea54894232a5') in 0.022737 seconds
Number of updated asset objects reloaded before import = 0
Number of asset objects unloaded after import = 98
========================================================================
Received Import Request.
  Time since last request: 19.957205 seconds.
  path: Assets/House.prefab
  artifactKey: Guid(7632af3c8ae562e449d48f245400f78d) Importer(815301076,1909f56bfc062723c751e8b465ee728b)
Start importing Assets/House.prefab using Guid(7632af3c8ae562e449d48f245400f78d) Importer(815301076,1909f56bfc062723c751e8b465ee728b)  -> (artifact id: '8b5efd124025b173f61949995eb491f8') in 0.007282 seconds
Number of updated asset objects reloaded before import = 0
Number of asset objects unloaded after import = 98
========================================================================
Received Import Request.
  Time since last request: 6.701103 seconds.
  path: Assets/House.prefab
  artifactKey: Guid(7632af3c8ae562e449d48f245400f78d) Importer(815301076,1909f56bfc062723c751e8b465ee728b)
Start importing Assets/House.prefab using Guid(7632af3c8ae562e449d48f245400f78d) Importer(815301076,1909f56bfc062723c751e8b465ee728b)  -> (artifact id: 'fbb774d99ec0a479c700fecf695ec626') in 0.035253 seconds
Number of updated asset objects reloaded before import = 0
Number of asset objects unloaded after import = 98
========================================================================
Received Import Request.
  Time since last request: 17.460860 seconds.
  path: Assets/House.prefab
  artifactKey: Guid(7632af3c8ae562e449d48f245400f78d) Importer(815301076,1909f56bfc062723c751e8b465ee728b)
Start importing Assets/House.prefab using Guid(7632af3c8ae562e449d48f245400f78d) Importer(815301076,1909f56bfc062723c751e8b465ee728b)  -> (artifact id: '7d75914256462cf6f0566ef66153e53f') in 0.006433 seconds
Number of updated asset objects reloaded before import = 0
Number of asset objects unloaded after import = 103
========================================================================
Received Import Request.
  Time since last request: 1.415034 seconds.
  path: Assets/House.prefab
  artifactKey: Guid(7632af3c8ae562e449d48f245400f78d) Importer(815301076,1909f56bfc062723c751e8b465ee728b)
Start importing Assets/House.prefab using Guid(7632af3c8ae562e449d48f245400f78d) Importer(815301076,1909f56bfc062723c751e8b465ee728b)  -> (artifact id: '395aa73f0fa544e34b23c226aabc51c1') in 0.020930 seconds
Number of updated asset objects reloaded before import = 0
Number of asset objects unloaded after import = 103
========================================================================
Received Import Request.
  Time since last request: 4.195670 seconds.
  path: Assets/House.prefab
  artifactKey: Guid(7632af3c8ae562e449d48f245400f78d) Importer(815301076,1909f56bfc062723c751e8b465ee728b)
Start importing Assets/House.prefab using Guid(7632af3c8ae562e449d48f245400f78d) Importer(815301076,1909f56bfc062723c751e8b465ee728b)  -> (artifact id: '6a244a96747fbc7efdb7c0fa4000aef2') in 0.037199 seconds
Number of updated asset objects reloaded before import = 0
Number of asset objects unloaded after import = 103
========================================================================
Received Import Request.
  Time since last request: 2.787875 seconds.
  path: Assets/House.prefab
  artifactKey: Guid(7632af3c8ae562e449d48f245400f78d) Importer(815301076,1909f56bfc062723c751e8b465ee728b)
Start importing Assets/House.prefab using Guid(7632af3c8ae562e449d48f245400f78d) Importer(815301076,1909f56bfc062723c751e8b465ee728b)  -> (artifact id: '98f5aa7dc985ba761b167358f7f259e2') in 0.006175 seconds
Number of updated asset objects reloaded before import = 0
Number of asset objects unloaded after import = 103
========================================================================
Received Import Request.
  Time since last request: 2.409070 seconds.
  path: Assets/House.prefab
  artifactKey: Guid(7632af3c8ae562e449d48f245400f78d) Importer(815301076,1909f56bfc062723c751e8b465ee728b)
Start importing Assets/House.prefab using Guid(7632af3c8ae562e449d48f245400f78d) Importer(815301076,1909f56bfc062723c751e8b465ee728b)  -> (artifact id: '40cec98d514ad8af5aa084e18314af66') in 0.029897 seconds
Number of updated asset objects reloaded before import = 0
Number of asset objects unloaded after import = 103
========================================================================
Received Import Request.
  Time since last request: 0.982073 seconds.
  path: Assets/House.prefab
  artifactKey: Guid(7632af3c8ae562e449d48f245400f78d) Importer(815301076,1909f56bfc062723c751e8b465ee728b)
Start importing Assets/House.prefab using Guid(7632af3c8ae562e449d48f245400f78d) Importer(815301076,1909f56bfc062723c751e8b465ee728b)  -> (artifact id: 'c84db83e87c0e31f7eebda8a92e1a3e6') in 0.023729 seconds
Number of updated asset objects reloaded before import = 0
Number of asset objects unloaded after import = 103
========================================================================
Received Import Request.
  Time since last request: 1.585987 seconds.
  path: Assets/House.prefab
  artifactKey: Guid(7632af3c8ae562e449d48f245400f78d) Importer(815301076,1909f56bfc062723c751e8b465ee728b)
Start importing Assets/House.prefab using Guid(7632af3c8ae562e449d48f245400f78d) Importer(815301076,1909f56bfc062723c751e8b465ee728b)  -> (artifact id: '26647d037f879800b1c88f6915b3cc60') in 0.006631 seconds
Number of updated asset objects reloaded before import = 0
Number of asset objects unloaded after import = 103
========================================================================
Received Import Request.
  Time since last request: 7.433023 seconds.
  path: Assets/House.prefab
  artifactKey: Guid(7632af3c8ae562e449d48f245400f78d) Importer(815301076,1909f56bfc062723c751e8b465ee728b)
Start importing Assets/House.prefab using Guid(7632af3c8ae562e449d48f245400f78d) Importer(815301076,1909f56bfc062723c751e8b465ee728b)  -> (artifact id: 'bddc98f928e4afbc3ad69652a284657a') in 0.022402 seconds
Number of updated asset objects reloaded before import = 0
Number of asset objects unloaded after import = 103
========================================================================
Received Import Request.
  Time since last request: 1.377323 seconds.
  path: Assets/House.prefab
  artifactKey: Guid(7632af3c8ae562e449d48f245400f78d) Importer(815301076,1909f56bfc062723c751e8b465ee728b)
Start importing Assets/House.prefab using Guid(7632af3c8ae562e449d48f245400f78d) Importer(815301076,1909f56bfc062723c751e8b465ee728b)  -> (artifact id: '2feb9bb9666cd7d4dd271bc7841b36c1') in 0.006188 seconds
Number of updated asset objects reloaded before import = 0
Number of asset objects unloaded after import = 103
========================================================================
Received Import Request.
  Time since last request: 1.210202 seconds.
  path: Assets/House.prefab
  artifactKey: Guid(7632af3c8ae562e449d48f245400f78d) Importer(815301076,1909f56bfc062723c751e8b465ee728b)
Start importing Assets/House.prefab using Guid(7632af3c8ae562e449d48f245400f78d) Importer(815301076,1909f56bfc062723c751e8b465ee728b)  -> (artifact id: 'b3ad9da778b186234c7ce397be005b6a') in 0.006368 seconds
Number of updated asset objects reloaded before import = 0
Number of asset objects unloaded after import = 103
========================================================================
Received Import Request.
  Time since last request: 7.428254 seconds.
  path: Assets/House.prefab
  artifactKey: Guid(7632af3c8ae562e449d48f245400f78d) Importer(815301076,1909f56bfc062723c751e8b465ee728b)
Start importing Assets/House.prefab using Guid(7632af3c8ae562e449d48f245400f78d) Importer(815301076,1909f56bfc062723c751e8b465ee728b)  -> (artifact id: 'ed4ed342c76997c390bfbf851c3256eb') in 0.013861 seconds
Number of updated asset objects reloaded before import = 0
Number of asset objects unloaded after import = 103
========================================================================
Received Import Request.
  Time since last request: 115.253619 seconds.
  path: Assets/Materials
  artifactKey: Guid(24de52bd34a93124992540c6cee7170f) Importer(815301076,1909f56bfc062723c751e8b465ee728b)
Start importing Assets/Materials using Guid(24de52bd34a93124992540c6cee7170f) Importer(815301076,1909f56bfc062723c751e8b465ee728b)  -> (artifact id: '40865d99021710b6836a2164c4f5e658') in 0.000431 seconds
Number of updated asset objects reloaded before import = 0
Number of asset objects unloaded after import = 0
========================================================================
Received Import Request.
  Time since last request: 3.413044 seconds.
  path: Assets/House.prefab
  artifactKey: Guid(7632af3c8ae562e449d48f245400f78d) Importer(815301076,1909f56bfc062723c751e8b465ee728b)
Start importing Assets/House.prefab using Guid(7632af3c8ae562e449d48f245400f78d) Importer(815301076,1909f56bfc062723c751e8b465ee728b)  -> (artifact id: '62ddcb6a0e219e51fa2882e019f45409') in 0.030072 seconds
Number of updated asset objects reloaded before import = 0
Number of asset objects unloaded after import = 103
========================================================================
Received Import Request.
  Time since last request: 12.400858 seconds.
  path: Assets/House.prefab
  artifactKey: Guid(7632af3c8ae562e449d48f245400f78d) Importer(815301076,1909f56bfc062723c751e8b465ee728b)
Start importing Assets/House.prefab using Guid(7632af3c8ae562e449d48f245400f78d) Importer(815301076,1909f56bfc062723c751e8b465ee728b)  -> (artifact id: '3588158f68d4677cb9ec46be5986518f') in 0.006711 seconds
Number of updated asset objects reloaded before import = 0
Number of asset objects unloaded after import = 103
========================================================================
Received Import Request.
  Time since last request: 1.552859 seconds.
  path: Assets/Materials/Gold.mat
  artifactKey: Guid(c952afdf7a00cc04581f0a58041ee810) Importer(815301076,1909f56bfc062723c751e8b465ee728b)
Start importing Assets/Materials/Gold.mat using Guid(c952afdf7a00cc04581f0a58041ee810) Importer(815301076,1909f56bfc062723c751e8b465ee728b)  -> (artifact id: '7a0ad151acd880c95378997d0bf6eb02') in 0.009296 seconds
Number of updated asset objects reloaded before import = 0
Number of asset objects unloaded after import = 1
========================================================================
Received Import Request.
  Time since last request: 0.000078 seconds.
  path: Assets/Materials/Wall 4.mat
  artifactKey: Guid(568ffa9d23f41994e942c3eff846f6ca) Importer(815301076,1909f56bfc062723c751e8b465ee728b)
Start importing Assets/Materials/Wall 4.mat using Guid(568ffa9d23f41994e942c3eff846f6ca) Importer(815301076,1909f56bfc062723c751e8b465ee728b)  -> (artifact id: '348d57c6112c36b1892a4c43213a1bb0') in 0.027275 seconds
Number of updated asset objects reloaded before import = 0
Number of asset objects unloaded after import = 1
========================================================================
Received Import Request.
  Time since last request: 0.000494 seconds.
  path: Assets/Materials/Wall 3.mat
  artifactKey: Guid(d8957bd8ce8ad5a4d9fd5daad9a2b25c) Importer(815301076,1909f56bfc062723c751e8b465ee728b)
Start importing Assets/Materials/Wall 3.mat using Guid(d8957bd8ce8ad5a4d9fd5daad9a2b25c) Importer(815301076,1909f56bfc062723c751e8b465ee728b)  -> (artifact id: '798a6839bacb8a2dda0bddf16f9f752b') in 0.026581 seconds
Number of updated asset objects reloaded before import = 0
Number of asset objects unloaded after import = 1
Editor requested this worker to shutdown with reason: Scaling down because of idle timeout
TcpMessagingSession - receive error: operation aborted. errorcode: 995, details: The I/O operation has been aborted because of either a thread exit or an application request.
AssetImportWorker is now disconnected from the server
Process exiting
Exiting without the bug reporter. Application will terminate with return code 0